info it worked if it ends with ok
verbose cli [ 'node', '/usr/bin/npm', 'install', 'node_modules/' ]
info using npm@1.0.17
info using node@v0.4.11
verbose config file /Users/jgourgou/.npmrc
verbose config file /usr/etc/npmrc
silly testEngine { name: 'LuDocsTestServer',
silly testEngine   version: '0.0.1',
silly testEngine   description: 'Test Server for LU',
silly testEngine   author: { name: 'Robert Martone' },
silly testEngine   private: true,
silly testEngine   dependencies: 
silly testEngine    { 'node-static': '0.5.7',
silly testEngine      seq: '0.3.3',
silly testEngine      optimist: '0.3.1',
silly testEngine      'socket.io': '0.9.0' },
silly testEngine   engine: 'node >= 0.4.10',
silly testEngine   _npmJsonOpts: 
silly testEngine    { file: '/Users/jgourgou/Sites/athena/Lu2/Lu/package.json',
silly testEngine      wscript: false,
silly testEngine      contributors: false,
silly testEngine      serverjs: true },
silly testEngine   _id: 'LuDocsTestServer@0.0.1',
silly testEngine   scripts: { start: 'node server.js' },
silly testEngine   devDependencies: {},
silly testEngine   engines: { node: '*' },
silly testEngine   _engineSupported: true,
silly testEngine   _npmVersion: '1.0.17',
silly testEngine   _nodeVersion: 'v0.4.11',
silly testEngine   _defaultsLoaded: true }
verbose caching /Users/jgourgou/Sites/athena/Lu2/Lu/package.json
verbose loadDefaults LuDocsTestServer@0.0.1
silly testEngine { name: 'node-static',
silly testEngine   description: 'simple, compliant file streaming module for node',
silly testEngine   url: 'http://github.com/cloudhead/node-static',
silly testEngine   keywords: [ 'http', 'static', 'file', 'server' ],
silly testEngine   author: 
silly testEngine    { name: 'Alexis Sellier',
silly testEngine      email: 'self@cloudhead.net' },
silly testEngine   contributors: [],
silly testEngine   licenses: [ 'MIT' ],
silly testEngine   dependencies: {},
silly testEngine   lib: 'lib',
silly testEngine   main: './lib/node-static',
silly testEngine   version: '0.5.7',
silly testEngine   directories: { test: './test' },
silly testEngine   engines: { node: '>= 0.4.1' },
silly testEngine   _npmJsonOpts: 
silly testEngine    { file: '/Users/jgourgou/Sites/athena/Lu2/Lu/node_modules/node-static/package.json',
silly testEngine      wscript: false,
silly testEngine      contributors: false,
silly testEngine      serverjs: false },
silly testEngine   _id: 'node-static@0.5.7',
silly testEngine   devDependencies: {},
silly testEngine   _engineSupported: true,
silly testEngine   _npmVersion: '1.0.17',
silly testEngine   _nodeVersion: 'v0.4.11',
silly testEngine   _defaultsLoaded: true }
verbose caching /Users/jgourgou/Sites/athena/Lu2/Lu/node_modules/node-static/package.json
verbose loadDefaults node-static@0.5.7
silly testEngine { name: 'optimist',
silly testEngine   version: '0.3.1',
silly testEngine   description: 'Light-weight option parsing with an argv hash. No optstrings attached.',
silly testEngine   main: './index.js',
silly testEngine   directories: { lib: '.', test: 'test', example: 'examples' },
silly testEngine   dependencies: { wordwrap: '>=0.0.1 <0.1.0' },
silly testEngine   devDependencies: { hashish: '0.0.x', expresso: '0.7.x' },
silly testEngine   scripts: { test: 'expresso' },
silly testEngine   repository: 
silly testEngine    { type: 'git',
silly testEngine      url: 'git://github.com/substack/node-optimist.git' },
silly testEngine   keywords: 
silly testEngine    [ 'argument',
silly testEngine      'args',
silly testEngine      'option',
silly testEngine      'parser',
silly testEngine      'parsing',
silly testEngine      'cli',
silly testEngine      'command' ],
silly testEngine   author: 
silly testEngine    { name: 'James Halliday',
silly testEngine      email: 'mail@substack.net',
silly testEngine      url: 'http://substack.net' },
silly testEngine   license: 'MIT/X11',
silly testEngine   engine: { node: '>=0.4' },
silly testEngine   _npmJsonOpts: 
silly testEngine    { file: '/Users/jgourgou/Sites/athena/Lu2/Lu/node_modules/optimist/package.json',
silly testEngine      wscript: false,
silly testEngine      contributors: false,
silly testEngine      serverjs: false },
silly testEngine   _id: 'optimist@0.3.1',
silly testEngine   engines: { node: '*' },
silly testEngine   _engineSupported: true,
silly testEngine   _npmVersion: '1.0.17',
silly testEngine   _nodeVersion: 'v0.4.11',
silly testEngine   _defaultsLoaded: true }
verbose caching /Users/jgourgou/Sites/athena/Lu2/Lu/node_modules/optimist/package.json
verbose loadDefaults optimist@0.3.1
silly testEngine { name: 'seq',
silly testEngine   version: '0.3.3',
silly testEngine   description: 'Chainable asynchronous flow control with sequential and parallel primitives and pipeline-style error handling',
silly testEngine   main: './index.js',
silly testEngine   repository: 
silly testEngine    { type: 'git',
silly testEngine      url: 'git://github.com/substack/node-seq.git' },
silly testEngine   dependencies: { chainsaw: '>=0.0.7 <0.1', hashish: '>=0.0.2 <0.1' },
silly testEngine   devDependencies: { expresso: '=0.7.x' },
silly testEngine   script: { test: 'expresso' },
silly testEngine   keywords: 
silly testEngine    [ 'flow-control',
silly testEngine      'flow',
silly testEngine      'control',
silly testEngine      'async',
silly testEngine      'asynchronous',
silly testEngine      'chain',
silly testEngine      'pipeline',
silly testEngine      'sequence',
silly testEngine      'sequential',
silly testEngine      'parallel',
silly testEngine      'error' ],
silly testEngine   author: 
silly testEngine    { name: 'James Halliday',
silly testEngine      email: 'mail@substack.net',
silly testEngine      url: 'http://substack.net' },
silly testEngine   license: 'MIT/X11',
silly testEngine   engine: { node: '>=0.4.0' },
silly testEngine   _npmJsonOpts: 
silly testEngine    { file: '/Users/jgourgou/Sites/athena/Lu2/Lu/node_modules/seq/package.json',
silly testEngine      wscript: false,
silly testEngine      contributors: false,
silly testEngine      serverjs: false },
silly testEngine   _id: 'seq@0.3.3',
silly testEngine   engines: { node: '*' },
silly testEngine   _engineSupported: true,
silly testEngine   _npmVersion: '1.0.17',
silly testEngine   _nodeVersion: 'v0.4.11',
silly testEngine   _defaultsLoaded: true }
verbose caching /Users/jgourgou/Sites/athena/Lu2/Lu/node_modules/seq/package.json
verbose loadDefaults seq@0.3.3
silly testEngine { name: 'socket.io',
silly testEngine   version: '0.9.0',
silly testEngine   description: 'Real-time apps made cross-browser & easy with a WebSocket-like API',
silly testEngine   homepage: 'http://socket.io',
silly testEngine   keywords: 
silly testEngine    [ 'websocket',
silly testEngine      'socket',
silly testEngine      'realtime',
silly testEngine      'socket.io',
silly testEngine      'comet',
silly testEngine      'ajax' ],
silly testEngine   author: 
silly testEngine    { name: 'Guillermo Rauch',
silly testEngine      email: 'guillermo@learnboost.com' },
silly testEngine   contributors: 
silly testEngine    [ { name: 'Guillermo Rauch', email: 'rauchg@gmail.com' },
silly testEngine      { name: 'Arnout Kazemier',
silly testEngine        email: 'info@3rd-eden.com' },
silly testEngine      { name: 'Vladimir Dronnikov',
silly testEngine        email: 'dronnikov@gmail.com' },
silly testEngine      { name: 'Einar Otto Stangvik',
silly testEngine        email: 'einaros@gmail.com' } ],
silly testEngine   repository: 
silly testEngine    { type: 'git',
silly testEngine      url: 'git://github.com/LearnBoost/socket.io.git' },
silly testEngine   dependencies: 
silly testEngine    { 'socket.io-client': '0.9.0',
silly testEngine      policyfile: '0.0.4',
silly testEngine      redis: '0.6.7' },
silly testEngine   devDependencies: 
silly testEngine    { expresso: '0.9.2',
silly testEngine      should: '0.0.4',
silly testEngine      benchmark: '0.2.2',
silly testEngine      microtime: '0.1.3-1',
silly testEngine      colors: '0.5.1' },
silly testEngine   main: 'index',
silly testEngine   engines: { node: '>= 0.4.0' },
silly testEngine   scripts: { test: 'make test' },
silly testEngine   _npmJsonOpts: 
silly testEngine    { file: '/Users/jgourgou/Sites/athena/Lu2/Lu/node_modules/socket.io/package.json',
silly testEngine      wscript: false,
silly testEngine      contributors: false,
silly testEngine      serverjs: false },
silly testEngine   _id: 'socket.io@0.9.0',
silly testEngine   _engineSupported: true,
silly testEngine   _npmVersion: '1.0.17',
silly testEngine   _nodeVersion: 'v0.4.11',
silly testEngine   _defaultsLoaded: true }
verbose caching /Users/jgourgou/Sites/athena/Lu2/Lu/node_modules/socket.io/package.json
verbose loadDefaults socket.io@0.9.0
verbose from cache /Users/jgourgou/Sites/athena/Lu2/Lu/package.json
verbose into /Users/jgourgou/Sites/athena/Lu2/Lu [ 'node_modules/' ]
verbose cache add [ 'node_modules/', null ]
ERR! Could not install: node_modules/
ERR! Error: ENOENT, No such file or directory 'node_modules/package.json'
ERR! Report this *entire* log at:
ERR!     <http://github.com/isaacs/npm/issues>
ERR! or email it to:
ERR!     <npm-@googlegroups.com>
ERR! 
ERR! System Darwin 10.8.0
ERR! command "node" "/usr/bin/npm" "install" "node_modules/"
ERR! cwd /Users/jgourgou/Sites/athena/Lu2/Lu
ERR! node -v v0.4.11
ERR! npm -v 1.0.17
verbose exit [ 2, true ]
